# JRE version: OpenJDK Runtime Environment (11.0.10) (build 11.0.10+0-b96-7249189)
# Java VM: OpenJDK 64-Bit Server VM (11.0.10+0-b96-7249189, mixed mode, tiered, compressed oops, g1 gc, windows-amd64)
Heap:
 garbage-first heap   total 458752K, used 237774K [0x0000000080000000, 0x0000000100000000)
  region size 1024K, 170 young (174080K), 26 survivors (26624K)
 Metaspace       used 88118K, capacity 91117K, committed 91300K, reserved 595968K
  class space    used 11547K, capacity 12692K, committed 12800K, reserved 516096K
GC Heap History (20 events):
Event: 2.051 GC heap before
{Heap before GC invocations=0 (full 0):
 garbage-first heap   total 458752K, used 29696K [0x0000000080000000, 0x0000000100000000)
  region size 1024K, 24 young (24576K), 0 survivors (0K)
 Metaspace       used 9866K, capacity 10118K, committed 10368K, reserved 526336K
  class space    used 1028K, capacity 1102K, committed 1152K, reserved 516096K
}
Event: 2.076 GC heap after
{Heap after GC invocations=1 (full 0):
 garbage-first heap   total 458752K, used 9326K [0x0000000080000000, 0x0000000100000000)
  region size 1024K, 3 young (3072K), 3 survivors (3072K)
 Metaspace       used 9866K, capacity 10118K, committed 10368K, reserved 526336K
  class space    used 1028K, capacity 1102K, committed 1152K, reserved 516096K
}
Event: 3.019 GC heap before
{Heap before GC invocations=1 (full 0):
 garbage-first heap   total 458752K, used 30830K [0x0000000080000000, 0x0000000100000000)
  region size 1024K, 24 young (24576K), 3 survivors (3072K)
 Metaspace       used 10797K, capacity 11009K, committed 11264K, reserved 526336K
  class space    used 1130K, capacity 1207K, committed 1280K, reserved 516096K
}
Event: 3.022 GC heap after
{Heap after GC invocations=2 (full 0):
 garbage-first heap   total 458752K, used 9862K [0x0000000080000000, 0x0000000100000000)
  region size 1024K, 1 young (1024K), 1 survivors (1024K)
 Metaspace       used 10797K, capacity 11009K, committed 11264K, reserved 526336K
  class space    used 1130K, capacity 1207K, committed 1280K, reserved 516096K
}
Event: 7.091 GC heap before
{Heap before GC invocations=2 (full 0):
 garbage-first heap   total 458752K, used 65158K [0x0000000080000000, 0x0000000100000000)
  region size 1024K, 55 young (56320K), 1 survivors (1024K)
 Metaspace       used 18068K, capacity 18564K, committed 18688K, reserved 532480K
  class space    used 2134K, capacity 2290K, committed 2304K, reserved 516096K
}
Event: 7.098 GC heap after
{Heap after GC invocations=3 (full 0):
 garbage-first heap   total 458752K, used 16432K [0x0000000080000000, 0x0000000100000000)
  region size 1024K, 7 young (7168K), 7 survivors (7168K)
 Metaspace       used 18068K, capacity 18564K, committed 18688K, reserved 532480K
  class space    used 2134K, capacity 2290K, committed 2304K, reserved 516096K
}
Event: 7.725 GC heap before
{Heap before GC invocations=3 (full 0):
 garbage-first heap   total 458752K, used 41008K [0x0000000080000000, 0x0000000100000000)
  region size 1024K, 32 young (32768K), 7 survivors (7168K)
 Metaspace       used 20694K, capacity 21149K, committed 21248K, reserved 534528K
  class space    used 2536K, capacity 2726K, committed 2816K, reserved 516096K
}
Event: 7.738 GC heap after
{Heap after GC invocations=4 (full 0):
 garbage-first heap   total 458752K, used 17148K [0x0000000080000000, 0x0000000100000000)
  region size 1024K, 1 young (1024K), 1 survivors (1024K)
 Metaspace       used 20694K, capacity 21149K, committed 21248K, reserved 534528K
  class space    used 2536K, capacity 2726K, committed 2816K, reserved 516096K
}
Event: 10.486 GC heap before
{Heap before GC invocations=5 (full 0):
 garbage-first heap   total 458752K, used 100092K [0x0000000080000000, 0x0000000100000000)
  region size 1024K, 73 young (74752K), 1 survivors (1024K)
 Metaspace       used 28260K, capacity 29069K, committed 29184K, reserved 542720K
  class space    used 3708K, capacity 3989K, committed 4096K, reserved 516096K
}
Event: 10.494 GC heap after
{Heap after GC invocations=6 (full 0):
 garbage-first heap   total 458752K, used 31439K [0x0000000080000000, 0x0000000100000000)
  region size 1024K, 5 young (5120K), 5 survivors (5120K)
 Metaspace       used 28260K, capacity 29069K, committed 29184K, reserved 542720K
  class space    used 3708K, capacity 3989K, committed 4096K, reserved 516096K
}
Event: 12.186 GC heap before
{Heap before GC invocations=6 (full 0):
 garbage-first heap   total 458752K, used 89807K [0x0000000080000000, 0x0000000100000000)
  region size 1024K, 63 young (64512K), 5 survivors (5120K)
 Metaspace       used 34938K, capacity 35811K, committed 35840K, reserved 548864K
  class space    used 4633K, capacity 4981K, committed 4992K, reserved 516096K
}
Event: 12.205 GC heap after
{Heap after GC invocations=7 (full 0):
 garbage-first heap   total 458752K, used 34553K [0x0000000080000000, 0x0000000100000000)
  region size 1024K, 8 young (8192K), 8 survivors (8192K)
 Metaspace       used 34938K, capacity 35811K, committed 35840K, reserved 548864K
  class space    used 4633K, capacity 4981K, committed 4992K, reserved 516096K
}
Event: 16.272 GC heap before
{Heap before GC invocations=8 (full 0):
 garbage-first heap   total 458752K, used 154361K [0x0000000080000000, 0x0000000100000000)
  region size 1024K, 118 young (120832K), 8 survivors (8192K)
 Metaspace       used 46431K, capacity 47625K, committed 47744K, reserved 559104K
  class space    used 6080K, capacity 6509K, committed 6528K, reserved 516096K
}
Event: 16.334 GC heap after
{Heap after GC invocations=9 (full 0):
 garbage-first heap   total 458752K, used 47580K [0x0000000080000000, 0x0000000100000000)
  region size 1024K, 15 young (15360K), 15 survivors (15360K)
 Metaspace       used 46431K, capacity 47625K, committed 47744K, reserved 559104K
  class space    used 6080K, capacity 6509K, committed 6528K, reserved 516096K
}
Event: 20.631 GC heap before
{Heap before GC invocations=10 (full 0):
 garbage-first heap   total 458752K, used 199132K [0x0000000080000000, 0x0000000100000000)
  region size 1024K, 160 young (163840K), 15 survivors (15360K)
 Metaspace       used 51831K, capacity 53388K, committed 53504K, reserved 563200K
  class space    used 6595K, capacity 7115K, committed 7168K, reserved 516096K
}
Event: 20.656 GC heap after
{Heap after GC invocations=11 (full 0):
 garbage-first heap   total 458752K, used 57385K [0x0000000080000000, 0x0000000100000000)
  region size 1024K, 17 young (17408K), 17 survivors (17408K)
 Metaspace       used 51831K, capacity 53388K, committed 53504K, reserved 563200K
  class space    used 6595K, capacity 7115K, committed 7168K, reserved 516096K
}
Event: 34.203 GC heap before
{Heap before GC invocations=11 (full 0):
 garbage-first heap   total 458752K, used 257065K [0x0000000080000000, 0x0000000100000000)
  region size 1024K, 208 young (212992K), 17 survivors (17408K)
 Metaspace       used 65308K, capacity 67493K, committed 67840K, reserved 575488K
  class space    used 8566K, capacity 9346K, committed 9472K, reserved 516096K
}
Event: 34.235 GC heap after
{Heap after GC invocations=12 (full 0):
 garbage-first heap   total 458752K, used 71522K [0x0000000080000000, 0x0000000100000000)
  region size 1024K, 17 young (17408K), 17 survivors (17408K)
 Metaspace       used 65308K, capacity 67493K, committed 67840K, reserved 575488K
  class space    used 8566K, capacity 9346K, committed 9472K, reserved 516096K
}
Event: 39.947 GC heap before
{Heap before GC invocations=12 (full 0):
 garbage-first heap   total 458752K, used 242530K [0x0000000080000000, 0x0000000100000000)
  region size 1024K, 185 young (189440K), 17 survivors (17408K)
 Metaspace       used 76843K, capacity 79393K, committed 79576K, reserved 585728K
  class space    used 10076K, capacity 10977K, committed 11008K, reserved 516096K
}
Event: 39.979 GC heap after
{Heap after GC invocations=13 (full 0):
 garbage-first heap   total 458752K, used 80078K [0x0000000080000000, 0x0000000100000000)
  region size 1024K, 26 young (26624K), 26 survivors (26624K)
 Metaspace       used 76843K, capacity 79393K, committed 79576K, reserved 585728K
  class space    used 10076K, capacity 10977K, committed 11008K, reserved 516096K
}

